make all --print-data-base --no-builtin-variables --no-builtin-rules --question
# GNU Make 3.81
# Copyright (C) 2006  Free Software Foundation, Inc.
# This is free software; see the source for copying conditions.
# There is NO warranty; not even for MERCHANTABILITY or FITNESS FOR A
# PARTICULAR PURPOSE.

# This program built for i386-apple-darwin11.3.0

# Make data base, printed on Sat Jun 11 23:24:29 2022

# Variables

# automatic
<D = $(patsubst %/,%,$(dir $<))
# automatic
?F = $(notdir $?)
# environment
VSCODE_LOG_NATIVE = false
# environment
ENHANCD_COMPLETION_KEYBIND = ^I
# environment
NODENV_SHELL = zsh
# environment
CPPFLAGS = -I/usr/local/opt/openssl@1.1/include
# automatic
@D = $(patsubst %/,%,$(dir $@))
# automatic
@F = $(notdir $@)
# environment
PERIOD = 30
# automatic
^D = $(patsubst %/,%,$(dir $^))
# makefile
CURDIR := /Users/you_pro/workspace/hitotsubu/nagaoka-internship-site
# makefile
SHELL = /bin/sh
# environment
VSCODE_NLS_CONFIG = {"locale":"ja","availableLanguages":{},"_languagePackSupport":true}
# environment
_ZPLUG_CONFIG_SUBSHELL = :
# environment
_ = /usr/bin/make
# automatic
?D = $(patsubst %/,%,$(dir $?))
# environment
MYSQL_HOST = 127.0.0.1
# environment
SAVEHIST = 1000000
# environment
MYSQL_PORT = 3308
# makefile (from `Makefile', line 1)
MAKEFILE_LIST :=  Makefile
# environment
ENHANCD_HOOK_AFTER_CD = ls
# environment
ENHANCD_HYPHEN_ARG = -
# environment
ENHANCD_DIR = /Users/you_pro/.enhancd
# environment
GO111MODULE = on
# environment
VSCODE_VERBOSE_LOGGING = true
# environment
ZPLUG_THREADS = 16
# environment
ZPLUG_FILTER = fzf-tmux:fzf:peco:percol:fzy:zaw
# environment
__CFBundleIdentifier = com.microsoft.VSCode
# environment
_ZPLUG_VERSION = 2.4.2
# environment
ENHANCD_HOME_ARG = 
# environment
VSCODE_IPC_HOOK_EXTHOST = /var/folders/t9/xtshm7d97qdd7s_dp1g8k2h00000gn/T/vscode-ipc-c611de21-cac4-407d-9aee-8aa83694f116.sock
# environment
VSCODE_CWD = /
# environment
POSTGRES_PASSWORD = you416570
# environment
PATH = /usr/local/Cellar/zplug/2.4.2/bin:/Users/you_pro/.nodenv/shims:/Users/you_pro/.rbenv/shims:/usr/local/Cellar/pyenv-virtualenv/1.1.5/shims:/Users/you_pro/.cargo/bin:/usr/local/sbin:/Users/you_pro/.nodenv/bin:/Users/you_pro/.nodebrew/current/bin:/usr/local/opt/openssl@1.1/bin:/usr/local/bin:/usr/bin:/bin:/usr/sbin:/sbin:/Library/TeX/texbin:/Library/Apple/usr/bin:/Users/you_pro/.local/bin:/Users/you_pro/.pyenv/bin:/Users/you_pro/.rbenv/bin:/usr/local/var/nodebrew/current/bin:/Users/you_pro/workspace/go/bin
# environment
LSCOLORS = Exfxcxdxbxegedabagacad
# environment
ENHANCD_USE_FUZZY_MATCH = 1
# environment
LIBRARY_PATH = :/usr/local/opt/openssl@1.1/lib/
# environment
NODEBREW_HOME = /usr/local/var/nodebrew/current
# environment
ENHANCD_DISABLE_HYPHEN = 0
# environment
FPATH = /usr/local/Cellar/zplug/2.4.2/autoload:/usr/local/Cellar/zplug/2.4.2/misc/completions:/usr/local/Cellar/zplug/2.4.2/base/sources:/usr/local/Cellar/zplug/2.4.2/base/utils:/usr/local/Cellar/zplug/2.4.2/base/job:/usr/local/Cellar/zplug/2.4.2/base/log:/usr/local/Cellar/zplug/2.4.2/base/io:/usr/local/Cellar/zplug/2.4.2/base/core:/usr/local/Cellar/zplug/2.4.2/base/base:/usr/local/Cellar/zplug/2.4.2/autoload/commands:/usr/local/Cellar/zplug/2.4.2/autoload/options:/usr/local/Cellar/zplug/2.4.2/autoload/tags:/usr/local/share/zsh/site-functions:/usr/share/zsh/site-functions:/usr/share/zsh/5.8/functions
# environment
ZPLUG_HOME = /usr/local/opt/zplug
# environment
ZPLUG_CACHE_DIR = /usr/local/opt/zplug/cache
# environment
GOPATH = /Users/you_pro/workspace/go
# environment
VSCODE_LOG_STACK = false
# environment
ELECTRON_RUN_AS_NODE = 1
# environment
LDFLAGS = -L/usr/local/opt/openssl@1.1/lib
# default
.FEATURES := target-specific order-only second-expansion else-if archives jobserver check-symlink
# environment
LS_COLORS = di=01;34:ln=01;35:so=01;32:ex=01;31:bd=46;34:cd=43;34:su=41;30:sg=46;30:tw=42;30:ow=43;30
# environment
POSTGRES_USER = you_pro
# environment
SSH_AUTH_SOCK = /private/tmp/com.apple.launchd.jIVsnVdD8q/Listeners
# environment
_ENHANCD_VERSION = 2.2.4
# automatic
%F = $(notdir $%)
# environment
ENHANCD_FILTER = fzy
# environment
DOCKER_BUILDKIT = 1
# environment
HISTFILESIZE = 10000
# environment
VSCODE_PIPE_LOGGING = true
# environment
ZPLUG_PROTOCOL = HTTPS
# environment
PWD = /Users/you_pro/workspace/hitotsubu/nagaoka-internship-site
# environment
ORIGINAL_XDG_CURRENT_DESKTOP = undefined
# environment
_ZPLUG_URL = https://github.com/zplug/zplug
# environment
VSCODE_AMD_ENTRYPOINT = vs/workbench/api/node/extensionHostProcess
# environment
PYENV_SHELL = zsh
# environment
HOME = /Users/you_pro
# environment
ENHANCD_COMMAND = cd
# default
MAKEFILEPATH := /Applications/Xcode.app/Contents/Developer/Makefiles
# environment
VSCODE_CODE_CACHE_PATH = /Users/you_pro/Library/Application Support/Code/CachedData/c3511e6c69bb39013c4a4b7b9566ec1ca73fc4d5
# environment
LOGNAME = you_pro
# environment
APPLICATION_INSIGHTS_NO_DIAGNOSTIC_CHANNEL = 1
# environment
VSCODE_HANDLES_UNCAUGHT_ERRORS = true
# environment
ZPLUG_BIN = /usr/local/opt/zplug/bin
# environment
_ZPLUG_PREZTO = sorin-ionescu/prezto
# environment
MAKELEVEL := 0
# environment
XPC_FLAGS = 0x0
# environment
HISTFILE = /Users/you_pro/.zsh_history
# default
MAKE = $(MAKE_COMMAND)
# default
MAKECMDGOALS := all
# environment
SHLVL = 1
# default
MAKE_VERSION := 3.81
# environment
USER = you_pro
# makefile
.DEFAULT_GOAL := precompile-stg
# environment
ZLS_COLORS = di=01;34:ln=01;35:so=01;32:ex=01;31:bd=46;34:cd=43;34:su=41;30:sg=46;30:tw=42;30:ow=43;30
# environment
GOROOT = /usr/local/Cellar/go/1.14.3/libexec
# automatic
%D = $(patsubst %/,%,$(dir $%))
# default
MAKE_COMMAND := /Applications/Xcode.app/Contents/Developer/usr/bin/make
# default
.VARIABLES := 
# environment
TMPDIR = /var/folders/t9/xtshm7d97qdd7s_dp1g8k2h00000gn/T/
# automatic
*F = $(notdir $*)
# environment
VSCODE_IPC_HOOK = /Users/you_pro/Library/Application Support/Code/1.67.2-main.sock
# environment
_ZPLUG_AWKPATH = /usr/local/Cellar/zplug/2.4.2/misc/contrib
# makefile
MAKEFLAGS = Rrqp
# environment
MFLAGS = -Rrqp
# automatic
*D = $(patsubst %/,%,$(dir $*))
# environment
XPC_SERVICE_NAME = application.com.microsoft.VSCode.68624446.68624452
# automatic
+D = $(patsubst %/,%,$(dir $+))
# automatic
+F = $(notdir $+)
# environment
NODEBREW_ROOT = /usr/local/var/nodebrew
# environment
ZPLUG_USE_CACHE = true
# environment
ENHANCD_DOT_ARG = ..
# environment
ZPLUG_ROOT = /usr/local/Cellar/zplug/2.4.2
# environment
ENHANCD_DISABLE_HOME = 0
# environment
ZPLUG_REPOS = /usr/local/opt/zplug/repos
# environment
__CF_USER_TEXT_ENCODING = 0x1F5:0x1:0xE
# environment
MYSQL_PASSWORD = 
# environment
COMMAND_MODE = unix2003
# default
MAKEFILES := 
# environment
RBENV_SHELL = zsh
# automatic
<F = $(notdir $<)
# environment
ENHANCD_COMPLETION_BEHAVIOR = default
# environment
EDITOR = vim
# environment
LC_ALL = C
# environment
_ZPLUG_OHMYZSH = robbyrussell/oh-my-zsh
# automatic
^F = $(notdir $^)
# environment
ENHANCD_HYPHEN_NUM = 10
# environment
ZPLUG_ERROR_LOG = /usr/local/opt/zplug/.error_log
# default
SUFFIXES := 
# environment
HISTSIZE = 10000
# environment
PYENV_VIRTUALENV_INIT = 1
# environment
ENHANCD_COMPLETION_DEFAULT = expand-or-complete
# default
.INCLUDE_DIRS = /usr/local/include
# environment
COMPOSE_DOCKER_CLI_BUILD = 1
# environment
MYSQL_USER = root
# environment
ENHANCD_DISABLE_DOT = 1
# environment
ZPLUG_LOADFILE = /usr/local/opt/zplug/packages.zsh
# environment
CLICOLOR = true
# environment
LANG = C
# environment
VSCODE_PID = 47317
# environment
ENHANCD_ROOT = /usr/local/Cellar/zplug/2.4.2/repos/b4b4r07/enhancd
# variable set hash-table stats:
# Load=127/1024=12%, Rehash=0, Collisions=11/151=7%

# Pattern-specific Variable Values

# No pattern-specific variable values.

# Directories

# . (device 16777220, inode 67773559): 36 files, no impossibilities.

# 36 files, no impossibilities in 1 directories.

# Implicit Rules

# No implicit rules.

# Files

precompile-stg:
#  Implicit rule search has not been done.
#  Modification time never checked.
#  File has not been updated.
#  commands to execute (from `Makefile', line 2):
	RAILS_ENV=staging bin/rails assets:precompile
	

# Not a target:
all:
#  Command-line target.
#  Implicit rule search has been done.
#  File does not exist.
 
make: *** No rule to make target `all'.  Stop.

#  File has not been updated.
# variable set hash-table stats:
# Load=0/32=0%, Rehash=0, Collisions=0/0=0%

# Not a target:
.SUFFIXES:
#  Implicit rule search has not been done.
#  Modification time never checked.
#  File has not been updated.

# Not a target:
Makefile:
#  Implicit rule search has been done.
#  Last modified 2022-06-11 07:39:29
#  File has been updated.
#  Successfully updated.
# variable set hash-table stats:
# Load=0/32=0%, Rehash=0, Collisions=0/0=0%

restart-stg:
#  Implicit rule search has not been done.
#  Modification time never checked.
#  File has not been updated.
#  commands to execute (from `Makefile', line 8):
	systemctl restart puma-stg.service
	

precompile-prod:
#  Implicit rule search has not been done.
#  Modification time never checked.
#  File has not been updated.
#  commands to execute (from `Makefile', line 5):
	RAILS_ENV=production bin/rails db:migrate
	

# Not a target:
.DEFAULT:
#  Implicit rule search has not been done.
#  Modification time never checked.
#  File has not been updated.

restart-prod:
#  Implicit rule search has not been done.
#  Modification time never checked.
#  File has not been updated.
#  commands to execute (from `Makefile', line 11):
	systemctl restart puma-prod.service
	

# files hash-table stats:
# Load=8/1024=1%, Rehash=0, Collisions=0/20=0%
# VPATH Search Paths

# No `vpath' search paths.

# No general (`VPATH' variable) search path.

# # of strings in strcache: 1
# # of strcache buffers: 1
# strcache size: total = 4096 / max = 4096 / min = 4096 / avg = 4096
# strcache free: total = 4087 / max = 4087 / min = 4087 / avg = 4087

# Finished Make data base on Sat Jun 11 23:24:29 2022

 
